2026-03-19T02:03:22.252Z	Initializing build environment...
2026-03-19T02:03:22.252Z	Initializing build environment...
2026-03-19T02:03:27.686Z	Success: Finished initializing build environment
2026-03-19T02:03:28.402Z	Cloning repository...
2026-03-19T02:03:29.887Z	No build output detected to cache. Skipping.
2026-03-19T02:03:29.887Z	No dependencies detected to cache. Skipping.
2026-03-19T02:03:29.891Z	Detected the following tools from environment: bun@1.2.15, nodejs@22.16.0
2026-03-19T02:03:29.894Z	Installing project dependencies: bun install
2026-03-19T02:03:30.185Z	bun install v1.2.15 (df017990)
2026-03-19T02:03:30.231Z	Resolving dependencies
2026-03-19T02:03:32.483Z	Resolved, downloaded and extracted [338]
2026-03-19T02:03:33.305Z	Saved lockfile
2026-03-19T02:03:33.306Z	
2026-03-19T02:03:33.306Z	+ @cloudflare/workers-types@4.20260317.1
2026-03-19T02:03:33.306Z	+ wrangler@3.114.17 (v4.75.0 available)
2026-03-19T02:03:33.306Z	
2026-03-19T02:03:33.306Z	62 packages installed [3.19s]
2026-03-19T02:03:33.484Z	Executing user deploy command: npx wrangler deploy
2026-03-19T02:03:36.006Z	
2026-03-19T02:03:36.006Z	 ⛅️ wrangler 3.114.17 (update available 4.75.0)
2026-03-19T02:03:36.006Z	-----------------------------------------------
2026-03-19T02:03:36.006Z	
2026-03-19T02:03:36.090Z	▲ [WARNING] The version of Wrangler you are using is now out-of-date.
2026-03-19T02:03:36.090Z	
2026-03-19T02:03:36.090Z	  Please update to the latest version to prevent critical errors.
2026-03-19T02:03:36.090Z	  Run `npm install --save-dev wrangler@4` to update to the latest version.
2026-03-19T02:03:36.090Z	  After installation, run Wrangler with `npx wrangler`.
2026-03-19T02:03:36.090Z	
2026-03-19T02:03:36.090Z	
2026-03-19T02:03:36.099Z	▲ [WARNING] Processing wrangler.toml configuration:
2026-03-19T02:03:36.100Z	
2026-03-19T02:03:36.100Z	    - 😶 Ignored: "type":
2026-03-19T02:03:36.100Z	      Most common features now work out of the box with wrangler, including modules, jsx, typescript, etc. If you need anything more, use a custom build.
2026-03-19T02:03:36.100Z	
2026-03-19T02:03:36.100Z	
2026-03-19T02:03:36.123Z	▲ [WARNING] Failed to match Worker name. Your config file is using the Worker name "flaredrive", but the CI system expected "r2cloud". Overriding using the CI provided Worker name. Workers Builds connected builds will attempt to open a pull request to resolve this config name mismatch.
2026-03-19T02:03:36.124Z	
2026-03-19T02:03:36.124Z	
2026-03-19T02:03:36.613Z	▲ [WARNING] You are about to publish a Workers Service that was last published via the Cloudflare Dashboard.
2026-03-19T02:03:36.613Z	
2026-03-19T02:03:36.613Z	  Edits that have been made via the dashboard will be overridden by your local code and config.
2026-03-19T02:03:36.613Z	
2026-03-19T02:03:36.613Z	
2026-03-19T02:03:36.614Z	? Would you like to continue?
2026-03-19T02:03:36.614Z	🤖 Using fallback value in non-interactive context: yes
2026-03-19T02:03:36.826Z	Total Upload: 32.70 KiB / gzip: 7.43 KiB
2026-03-19T02:03:37.133Z	Your worker has access to the following bindings:
2026-03-19T02:03:37.133Z	- R2 Buckets:
2026-03-19T02:03:37.133Z	  - BUCKET: production-bucket
2026-03-19T02:03:37.134Z	
2026-03-19T02:03:37.137Z	✘ [ERROR] A request to the Cloudflare API (/accounts/9dd24ca5e61820973477ef1dfb3d782c/workers/scripts/r2cloud/versions) failed.
2026-03-19T02:03:37.137Z	
2026-03-19T02:03:37.138Z	  R2 bucket 'production-bucket' not found. Verify the bucket exists in your account and that the bucket_name in your configuration is correct. [code: 10085]
2026-03-19T02:03:37.139Z	  To learn more about this error, visit: https://developers.cloudflare.com/r2/get-started/
2026-03-19T02:03:37.139Z	
2026-03-19T02:03:37.139Z	  
2026-03-19T02:03:37.139Z	  If you think this is a bug, please open an issue at: https://github.com/cloudflare/workers-sdk/issues/new/choose
2026-03-19T02:03:37.139Z	
2026-03-19T02:03:37.139Z	
2026-03-19T02:03:37.141Z	
2026-03-19T02:03:37.141Z	Cloudflare collects anonymous telemetry about your usage of Wrangler. Learn more at https://github.com/cloudflare/workers-sdk/tree/main/packages/wrangler/telemetry.md
2026-03-19T02:03:37.155Z	🪵  Logs were written to "/opt/buildhome/.config/.wrangler/logs/wrangler-2026-03-19_02-03-35_303.log"
2026-03-19T02:03:37.258Z	Failed: error occurred while running deploy command